<?xml version="1.0" encoding="UTF-8"?>
<testsuite name="WallServiceTest" tests="3" skipped="0" failures="0" errors="0" timestamp="2022-06-18T10:55:21" hostname="DESKTOP-CLEVO" time="0.113">
  <properties/>
  <testcase name="add" classname="WallServiceTest" time="0.113"/>
  <testcase name="update_notContainedPost" classname="WallServiceTest" time="0.0"/>
  <testcase name="update_containedPost" classname="WallServiceTest" time="0.0"/>
  <system-out><![CDATA[]]></system-out>
  <system-err><![CDATA[]]></system-err>
</testsuite>
